Job started on Wed May  6 09:52:01 CST 2026
SLURM_SUBMIT_DIR = /fs2/home/jiangh/members/ZhangT/pyscf_example/07_2Dy/all_elec
PWD(before task) = /fs2/home/jiangh/members/ZhangT/pyscf_example/07_2Dy/all_elec
#INFO: **** input file is /fs2/home/jiangh/members/ZhangT/pyscf_example/07_2Dy/all_elec/2Dy.py ****
import sys, os

from pyscf import gto, lib, scf,data
from pyscf.lib import chkfile
import yaml, getopt
import numpy as np
import basis_set_exchange as bse


workdir = "./"



mol = gto.Mole()
mol.atom = '''
Dy         4.13440       14.71800        6.08340
N          3.61030       16.73800        5.33580
N          3.51710       12.72680        6.80140
C1          6.22680       12.86060        5.87140
C1          6.64740       13.78080        6.68970
H          6.11570       13.97670        7.45090
Si         3.91070       16.68940        3.64460
Si         3.36790       17.98660        6.51650
Si         4.82870       11.66070        6.53700
C          3.60960       17.02380        8.13020
H          3.02880       16.21450        8.05260
C          4.15800       14.78000        3.37560
H          5.01910       14.51570        3.78570
H          3.43920       14.30080        3.85900
C          4.15410       14.30980        1.91460
H          4.28470       13.33870        1.88290
H          3.29540       14.53680        1.49970
H          4.87950       14.75240        1.42620
C          5.07600       16.48870        8.23730
H          5.32550       16.04900        7.39870
H          5.68510       17.23580        8.41020
H          5.13360       15.84330        8.97410
C          4.72800       19.32020        6.30450
H          5.48900       18.82850        5.88050
C          6.92190       12.48760        4.55170
H          6.42190       11.77070        4.10970
H          6.95330       13.27330        3.96540
H          7.83510       12.18340        4.73720
C          7.91900       14.54690        6.50280
H          8.02780       15.18330        7.24100
H          8.67720       13.92630        6.49320
H          7.88530       15.03510        5.65390
C          5.53040       17.52850        3.13860
H          5.51270       18.45620        3.51230
C          2.51540       17.22450        2.49130
H          2.77010       16.93040        1.56900
C          1.62410       18.67980        6.42980
H          1.51300       19.02260        5.49690
C          5.56960       10.73230        8.00260
H          4.95160        9.96520        8.17590
C          4.48880       10.48100        5.09190
H          5.39840       10.46870        4.67720
C          3.18150       17.72710        9.44760
H          2.26220       18.05570        9.35780
H          3.23000       17.08920       10.18860
H          3.78160       18.48160        9.62480
C          5.31330       19.88780        7.55810
H          5.53470       19.15790        8.17360
H          6.12520       20.39050        7.34110
H          4.66130       20.48490        7.98070
C          4.34560       20.37630        5.27200
H          3.97130       19.93780        4.48020
H          3.67810       20.98170        5.65720
H          5.14200       20.88730        5.01760
C          6.74450       16.80690        3.76540
H          6.60990       16.72080        4.73300
H          6.83570       15.91560        3.36850
H          7.55770       17.32590        3.59430
C          5.76420       17.65210        1.62060
H          5.00200       18.10850        1.20730
H          6.58180       18.16790        1.45570
H          5.85980       16.75760        1.22990
C          2.34760       18.75270        2.44340
H          3.20800       19.17100        2.23320
H          1.69210       18.98870        1.75380
H          2.03280       19.07390        3.31510
C          1.17070       16.55760        2.81950
H          1.28640       15.58540        2.84810
H          0.85460       16.87470        3.69210
H          0.51390       16.78950        2.13080
C          0.56760       17.59740        6.60310
H          0.77940       16.83970        6.01770
H          0.55730       17.29730        7.53510
H         -0.31160       17.95790        6.36470
C          1.28060       19.86140        7.35070
H          1.95500       20.56390        7.24720
H          0.39870       20.21640        7.11230
H          1.26760       19.55570        8.28260
C          5.67080       11.48430        9.31540
H          4.80080       11.88160        9.53160
H          5.93250       10.86460       10.02750
H          6.34220       12.19320        9.23500
C          6.91400       10.10600        7.64700
H          6.83560        9.62370        6.79820
H          7.58950       10.81070        7.56220
H          7.17980        9.48210        8.35470
C          4.23290        9.03180        5.13070
H          4.72540        8.62830        5.87110
H          3.26770        8.87540        5.25860
H          4.51280        8.62510        4.28490
C          3.69620       11.07490        3.92720
H          3.85590       12.04140        3.88180
H          3.98560       10.65780        3.08810
H          2.74040       10.90820        4.06180
Si         1.97570       12.40450        7.51020
C         -0.33200       14.29160        7.35070
H         -0.21140       14.45520        8.31010
H         -0.66290       15.10770        6.92030
H         -0.97930       13.56820        7.22170
C          1.98020       12.64770        9.41570
H          2.60770       11.96220        9.78430
C          1.01650       13.89230        6.72620
H          1.61490       14.68970        6.81030
C          2.54090       14.01990        9.83970
H          3.39380       14.17970        9.38530
H          1.90300       14.72300        9.59370
H          2.67940       14.03000       10.80950
C          0.63710       12.45920       10.16560
H          0.24570       11.59520        9.92260
H          0.79680       12.48670       11.13200
H          0.02040       13.17960        9.91620
C          0.85330       13.62880        5.20360
H          1.71870       13.37550        4.82120
H          0.20990       12.90190        5.06650
H          0.52630       14.44140        4.76510
C          1.89210        9.71890        7.95470
H          2.86830        9.77660        7.90040
H          1.60710        9.85940        8.88210
H          1.59930        8.83320        7.65410
C          1.26510       10.79520        7.06120
H          1.53810       10.59810        6.11820
C         -0.27240       10.73440        7.12050
H         -0.64900       11.42990        6.54140
H         -0.57700        9.85460        6.81440
H         -0.56920       10.88080        8.04240
    '''


#Setting molecule Properties
mol.charge = 1
mol.spin = 5
mol.basis = {'Dy': gto.basis.parse(bse.get_basis('ANO-RCC-VTZP',elements='Dy',fmt='nwchem')),
             'N' : gto.basis.parse(bse.get_basis('ANO-RCC-VTZP',elements='N', fmt='nwchem')),
             'C1' : gto.basis.parse(bse.get_basis('ANO-RCC-VTZP',elements='C', fmt='nwchem')),
             'Si' : gto.basis.parse(bse.get_basis('ANO-RCC-VDZP',elements='Si', fmt='nwchem')),
             'C' : gto.basis.parse(bse.get_basis('ANO-RCC-VDZP',elements='C', fmt='nwchem')),
             'H' : gto.basis.parse(bse.get_basis('ANO-R0',elements='H', fmt='nwchem'))
                                               }
mol.verbose = 4
mol.build()
title = '2Dy'
#1DM calculation by pyscf
mf = scf.rohf.ROHF(mol).x2c().density_fit()
mf.max_cycle = 10000
mf.verbose = 4
mf.conv_tol = 1e-7
#chk_fname = title + '_rohf.chk'
from pyscf.lib import chkfile

mf.chkfile='2Dy.chk'
#mf.init_guess = 'atom'
mf.init_guess = 'chk'
scfdat = chkfile.load(mf.chkfile,'scf')
mf.e_tot = scfdat['e_tot']
mf.mo_coeff = scfdat['mo_coeff']
mf.mo_occ = scfdat['mo_occ']
mf.mo_energy = scfdat['mo_energy']
mf.level_shift = 0.2
#mf.kernel()




# All-electron CASSCF+NEVPT2
from embed_sim import myavas, sacasscf_mixer, siso

title = 'Dy'
ncas, nelec, mo = myavas.avas(mf, ['Dy 4f'], minao=mol._basis['Dy'], threshold=0.5, openshell_option=2)
print("This is ncas", ncas)
print("This is nelec", nelec)
mycas = sacasscf_mixer.sacasscf_mixer(mf, ncas, nelec, statelis = [0,0,0,0,0,21])
mycas.kernel(mo)
Ha2cm = 219474.63
np.savetxt(title+'_cas_NO_SOC.txt',(mycas.fcisolver.e_states-np.min(mycas.fcisolver.e_states))*Ha2cm,fmt='%.6f')

#NVEPT2
ecorr = sacasscf_mixer.sacasscf_nevpt2(mycas, method='SC')
mycas.fcisolver.e_states = mycas.fcisolver.e_states + ecorr
np.savetxt(title+'_nevpt2.txt',ecorr)

Ha2cm = 219474.63
np.savetxt(title+'_opt.txt',(mycas.fcisolver.e_states-np.min(mycas.fcisolver.e_states))*Ha2cm,fmt='%.6f')

mysiso = siso.SISO(title, mycas, verbose=6).density_fit()
mysiso.kernel()#INFO: ******************** input file end ********************


System: uname_result(system='Linux', node='cn82099', release='4.18.0-348.cn.x86_64', version='#1 SMP Wed Sep 14 10:27:16 CST 2022', machine='x86_64')  Threads 56
Python 3.12.2 | packaged by conda-forge | (main, Feb 16 2024, 20:50:58) [GCC 12.3.0]
numpy 1.26.4  scipy 1.12.0  h5py 3.10.0
Date: Wed May  6 09:53:30 2026
PySCF version 2.10.0
PySCF path  /fs2/home/jiangh/software/miniconda3/envs/pyscf/lib/python3.12/site-packages/pyscf

[ENV] PYSCF_CONFIG_FILE /fs2/home/jiangh/.pyscf_conf.py
[CONFIG] conf_file /fs2/home/jiangh/.pyscf_conf.py
[INPUT] verbose = 4
[INPUT] num. atoms = 125
[INPUT] num. electrons = 433
[INPUT] charge = 1
[INPUT] spin (= nelec alpha-beta = 2S) = 5
[INPUT] symmetry False subgroup None
[INPUT] Mole.unit = angstrom
[INPUT] Symbol           X                Y                Z      unit          X                Y                Z       unit  Magmom
[INPUT]  1 Dy     4.134400000000  14.718000000000   6.083400000000 AA    7.812883689402  27.812989101349  11.495959906179 Bohr   0.0
[INPUT]  2 N      3.610300000000  16.738000000000   5.335800000000 AA    6.822478227517  31.630235872970  10.083200655454 Bohr   0.0
[INPUT]  3 N      3.517100000000  12.726800000000   6.801400000000 AA    6.646355752708  24.050166442115  12.852783263617 Bohr   0.0
[INPUT]  4 C1     6.226800000000  12.860600000000   5.871400000000 AA   11.766946632442  24.303011797581  11.095337967771 Bohr   0.0
[INPUT]  5 C1     6.647400000000  13.780800000000   6.689700000000 AA   12.561765440434  26.041937777406  12.641700855503 Bohr   0.0
[INPUT]  6 H      6.115700000000  13.976700000000   7.450900000000 AA   11.556998060003  26.412135125208  14.080160381522 Bohr   0.0
[INPUT]  7 Si     3.910700000000  16.689400000000   3.644600000000 AA    7.390151955337  31.538395183316   6.887295833590 Bohr   0.0
[INPUT]  8 Si     3.367900000000  17.986600000000   6.516500000000 AA    6.364408614923  33.989747912102  12.314400290728 Bohr   0.0
[INPUT]  9 Si     4.828700000000  11.660700000000   6.537000000000 AA    9.124920537687  22.035529420716  12.353139676282 Bohr   0.0
[INPUT] 10 C      3.609600000000  17.023800000000   8.130200000000 AA    6.821155419230  32.170319599371  15.363851337939 Bohr   0.0
[INPUT] 11 H      3.028800000000  16.214500000000   8.052600000000 AA    5.723602486083  30.640964246760  15.217208590673 Bohr   0.0
[INPUT] 12 C      4.158000000000  14.780000000000   3.375600000000 AA    7.857481225942  27.930152121072   6.378959506082 Bohr   0.0
[INPUT] 13 H      5.019100000000  14.515700000000   3.785700000000 AA    9.484724391805  27.430697506349   7.153936189766 Bohr   0.0
[INPUT] 14 H      3.439200000000  14.300800000000   3.859000000000 AA    6.499146087604  27.024595362180   7.292453114697 Bohr   0.0
[INPUT] 15 C      4.154100000000  14.309800000000   1.914600000000 AA    7.850111294056  27.041602897301   3.618069638092 Bohr   0.0
[INPUT] 16 H      4.284700000000  13.338700000000   1.882900000000 AA    8.096909525924  25.206489857736   3.558165319944 Bohr   0.0
[INPUT] 17 H      3.295400000000  14.536800000000   1.499700000000 AA    6.227403470892  27.470570727577   2.834022269010 Bohr   0.0
[INPUT] 18 H      4.879500000000  14.752400000000   1.426200000000 AA    9.220918624815  27.877995680034   2.695127398855 Bohr   0.0
[INPUT] 19 C      5.076000000000  16.488700000000   8.237300000000 AA    9.592249808292  31.159127150116  15.566241005880 Bohr   0.0
[INPUT] 20 H      5.325500000000  16.049000000000   7.398700000000 AA   10.063736476371  30.328214573145  13.981516677820 Bohr   0.0
[INPUT] 21 H      5.685100000000  17.235800000000   8.410200000000 AA   10.743281990765  32.570941537778  15.892974652817 Bohr   0.0
[INPUT] 22 H      5.133600000000  15.843300000000   8.974100000000 AA    9.701098033067  29.939497909322  16.958591214459 Bohr   0.0
[INPUT] 23 C      4.728000000000  19.320200000000   6.304500000000 AA    8.934625116944  36.509886671822  11.913778352320 Bohr   0.0
[INPUT] 24 H      5.489000000000  18.828500000000   5.880500000000 AA   10.372706697738  35.580708336373  11.112534475505 Bohr   0.0
[INPUT] 25 C      6.921900000000  12.487600000000   4.551700000000 AA   13.080495261627  23.598143953119   8.601466401183 Bohr   0.0
[INPUT] 26 H      6.421900000000  11.770700000000   4.109700000000 AA   12.135632199344  22.243399294418   7.766207454125 Bohr   0.0
[INPUT] 27 H      6.953300000000  13.273300000000   3.965400000000 AA   13.139832661938  25.082901769189   7.493519974350 Bohr   0.0
[INPUT] 28 H      7.835100000000  12.183400000000   4.737200000000 AA   14.806193158580  23.023289266026   8.952010597290 Bohr   0.0
[INPUT] 29 C      7.919000000000  14.546900000000   6.502800000000 AA   14.964741180431  27.489656961436  12.288511042822 Bohr   0.0
[INPUT] 30 H      8.027800000000  15.183300000000   7.241000000000 AA   15.170343382783  28.692278667109  13.683506867976 Bohr   0.0
[INPUT] 31 H      8.677200000000  13.926300000000   6.493200000000 AA   16.397531528076  26.316892928530  12.270369672026 Bohr   0.0
[INPUT] 32 H      7.885300000000  15.035100000000   5.653900000000 AA   14.901057410033  28.412221255448  10.684322535678 Bohr   0.0
[INPUT] 33 C      5.530400000000  17.528500000000   3.138600000000 AA   10.450941359295  33.124064374439   5.931094414560 Bohr   0.0
[INPUT] 34 H      5.512700000000  18.456200000000   3.512300000000 AA   10.417493206890  34.877163300198   6.637285067310 Bohr   0.0
[INPUT] 35 C      2.515400000000  17.224500000000   2.491300000000 AA    4.753417093731  32.549587632571   4.707874694129 Bohr   0.0
[INPUT] 36 H      2.770100000000  16.930400000000   1.569000000000 AA    5.234730337658  31.993819179336   2.964980289443 Bohr   0.0
[INPUT] 37 C      1.624100000000  18.679800000000   6.429800000000 AA    3.069104198906  35.299706061650  12.150561035728 Bohr   0.0
[INPUT] 38 H      1.513000000000  19.022600000000   5.496900000000 AA    2.859155626467  35.947504177151  10.387635534122 Bohr   0.0
[INPUT] 39 C      5.569600000000  10.732300000000   8.002600000000 AA   10.525018623378  20.281107686670  15.122722284444 Bohr   0.0
[INPUT] 40 H      4.951600000000   9.965200000000   8.175900000000 AA    9.357167878396  18.831498776516  15.450211821831 Bohr   0.0
[INPUT] 41 C      4.488800000000  10.481000000000   5.091900000000 AA    8.482602627948  19.806219511566   9.622296453673 Bohr   0.0
[INPUT] 42 H      5.398400000000  10.468700000000   4.677200000000 AA   10.201497510852  19.782975880234   8.838627029816 Bohr   0.0
[INPUT] 43 C      3.181500000000  17.727100000000   9.447600000000 AA    6.012163665304  33.499363982777  17.853376534441 Bohr   0.0
[INPUT] 44 H      2.262200000000  18.055700000000   9.357800000000 AA    4.274938438991  34.120327987309  17.683679128455 Bohr   0.0
[INPUT] 45 H      3.230000000000  17.089200000000  10.188600000000 AA    6.103815382345  32.293907687917  19.253663592744 Bohr   0.0
[INPUT] 46 H      3.781600000000  18.481600000000   9.624800000000 AA    7.146188312655  34.925162343762  18.188236003714 Bohr   0.0
[INPUT] 47 C      5.313300000000  19.887800000000   7.558100000000 AA   10.040681817652  37.582495220125  14.282739022075 Bohr   0.0
[INPUT] 48 H      5.534700000000  19.157900000000   8.173600000000 AA   10.459067181630  36.203184121805  15.445865451745 Bohr   0.0
[INPUT] 49 H      6.125200000000  20.390500000000   7.341100000000 AA   11.574950458186  38.532460542944  13.872668453045 Bohr   0.0
[INPUT] 50 H      4.661300000000  20.484900000000   7.980700000000 AA    8.808580384435  38.710850689103  15.081337282316 Bohr   0.0
[INPUT] 51 C      4.345600000000  20.376300000000   5.272000000000 AA    8.211993846910  38.505626431975   9.962636128707 Bohr   0.0
[INPUT] 52 H      3.971300000000  19.937800000000   4.480200000000 AA    7.504669358485  37.676981526353   8.466350983276 Bohr   0.0
[INPUT] 53 H      3.678100000000  20.981700000000   5.657200000000 AA    6.950601658763  39.649666627787  10.690558631889 Bohr   0.0
[INPUT] 54 H      5.142000000000  20.887300000000   5.017600000000 AA    9.716971732514  39.471276481628   9.481889802618 Bohr   0.0
[INPUT] 55 C      6.744500000000  16.806900000000   3.765400000000 AA   12.745257847129  31.760438002953   7.115574749437 Bohr   0.0
[INPUT] 56 H      6.609900000000  16.720800000000   4.733000000000 AA   12.490900710763  31.597732583627   8.944073747566 Bohr   0.0
[INPUT] 57 H      6.835700000000  15.915600000000   3.368500000000 AA   12.917600869689  30.076125108128   6.365542450597 Bohr   0.0
[INPUT] 58 H      7.557700000000  17.325900000000   3.594300000000 AA   14.281983131625  32.741205861602   6.792242609524 Bohr   0.0
[INPUT] 59 C      5.764200000000  17.652100000000   1.620600000000 AA   10.892759327218  33.357634523435   3.062490157470 Bohr   0.0
[INPUT] 60 H      5.002000000000  18.108500000000   1.207300000000 AA    9.452410075074  34.220105526686   2.281466350187 Bohr   0.0
[INPUT] 61 H      6.581800000000  18.167900000000   1.455700000000 AA   12.437799406662  34.332355258486   2.750874319529 Bohr   0.0
[INPUT] 62 H      5.859800000000  16.757600000000   1.229900000000 AA   11.073417144726  31.667274505011   2.324174160603 Bohr   0.0
[INPUT] 63 C      2.347600000000  18.752700000000   2.443400000000 AA    4.436321050029  35.437467096131   4.617356812762 Bohr   0.0
[INPUT] 64 H      3.208000000000  19.171000000000   2.233200000000 AA    6.062241407605  36.227939534037   4.220136381379 Bohr   0.0
[INPUT] 65 H      1.692100000000  18.988700000000   1.753800000000 AA    3.197605575377  35.883442461529   3.314201677262 Bohr   0.0
[INPUT] 66 H      2.032800000000  19.073900000000   3.315100000000 AA    3.841435266016  36.044447127342   6.264631075546 Bohr   0.0
[INPUT] 67 C      1.170700000000  16.557600000000   2.819500000000 AA    2.212302374028  31.289329280098   5.328082808211 Bohr   0.0
[INPUT] 68 H      1.286400000000  15.585400000000   2.848100000000 AA    2.430943686640  29.452137541796   5.382128975374 Bohr   0.0
[INPUT] 69 H      0.854600000000  16.874700000000   3.692100000000 AA    1.614959946053  31.888561434198   6.977057824507 Bohr   0.0
[INPUT] 70 H      0.513900000000  16.789500000000   2.130800000000 AA    0.971130255414  31.727556768385   4.026628426223 Bohr   0.0
[INPUT] 71 C      0.567600000000  17.597400000000   6.603100000000 AA    1.072608548303  33.254266504421  12.478050573116 Bohr   0.0
[INPUT] 72 H      0.779400000000  16.839700000000   6.017700000000 AA    1.472852541486  31.822421019838  11.371804899795 Bohr   0.0
[INPUT] 73 H      0.557300000000  17.297300000000   7.535100000000 AA    1.053144369220  32.687159694439  14.239275321210 Bohr   0.0
[INPUT] 74 H     -0.311600000000  17.957900000000   6.364700000000 AA   -0.588838660414  33.935512772327  12.027539865019 Bohr   0.0
[INPUT] 75 C      1.280600000000  19.861400000000   7.350700000000 AA    2.419983275118  37.532606450437  13.890809823840 Bohr   0.0
[INPUT] 76 H      1.955000000000  20.563900000000   7.247200000000 AA    3.694414573525  38.860139052943  13.695223169948 Bohr   0.0
[INPUT] 77 H      0.398700000000  20.216400000000   7.112300000000 AA    0.753433805864  38.203459224657  13.440299115744 Bohr   0.0
[INPUT] 78 H      1.267600000000  19.555700000000   8.282600000000 AA    2.395416835499  36.954917174157  15.651845599323 Bohr   0.0
[INPUT] 79 C      5.670800000000  11.484300000000   9.315400000000 AA   10.716258907184  21.702181732343  17.603554740773 Bohr   0.0
[INPUT] 80 H      4.800800000000  11.881600000000   9.531600000000 AA    9.072197178812  22.452969921632  18.012113528904 Bohr   0.0
[INPUT] 81 H      5.932500000000  10.864600000000  10.027500000000 AA   11.210800233982  20.531118452950  18.949228714076 Bohr   0.0
[INPUT] 82 H      6.342200000000  12.193200000000   9.235000000000 AA   11.985021027217  23.041808582047  17.451620760358 Bohr   0.0
[INPUT] 83 C      6.914000000000  10.106000000000   7.647000000000 AA   13.065566425243  19.097572214855  14.450735674549 Bohr   0.0
[INPUT] 84 H      6.835600000000   9.623700000000   6.798200000000 AA   12.917411897077  18.186157304977  12.846736140018 Bohr   0.0
[INPUT] 85 H      7.589500000000  10.810700000000   7.562200000000 AA   14.342076422387  20.429262214836  14.290486899186 Bohr   0.0
[INPUT] 86 H      7.179800000000   9.482100000000   8.354700000000 AA   13.567855629152  17.918572085738  15.788094852904 Bohr   0.0
[INPUT] 87 C      4.232900000000   9.031800000000   5.130700000000 AA    7.999021712671  17.067628411847   9.695617827306 Bohr   0.0
[INPUT] 88 H      4.725400000000   8.628300000000   5.871100000000 AA    8.929711829020  16.305123920585  11.094771049934 Bohr   0.0
[INPUT] 89 H      3.267700000000   8.875400000000   5.258600000000 AA    6.175058057241  16.772075245965   9.937313798638 Bohr   0.0
[INPUT] 90 H      4.512800000000   8.625100000000   4.284900000000 AA    8.527956054937  16.299076796986   8.097287471149 Bohr   0.0
[INPUT] 91 C      3.696200000000  11.074900000000   3.927200000000 AA    6.984805701617  20.928527856946   7.421332436392 Bohr   0.0
[INPUT] 92 H      3.855900000000  12.041400000000   3.881800000000 AA    7.286594963710  22.754948156338   7.335538870337 Bohr   0.0
[INPUT] 93 H      3.985600000000  10.657800000000   3.088100000000 AA    7.531692442067  20.140323090390   5.835663245269 Bohr   0.0
[INPUT] 94 H      2.740400000000  10.908200000000   4.061800000000 AA    5.178605471758  20.613510511981   7.675689572758 Bohr   0.0
[INPUT] 95 Si     1.975700000000  12.404500000000   7.510200000000 AA    3.733531904303  23.441107712167  14.192221140709 Bohr   0.0
[INPUT] 96 C     -0.332000000000  14.291600000000   7.350700000000 AA   -0.627389073356  27.007209881834  13.890809823840 Bohr   0.0
[INPUT] 97 H     -0.211400000000  14.455200000000   8.310100000000 AA   -0.399488102733  27.316369075813  15.703813067748 Bohr   0.0
[INPUT] 98 H     -0.662900000000  15.107700000000   6.920300000000 AA   -1.252699447974  28.549415372092  13.077471699828 Bohr   0.0
[INPUT] 99 H     -0.979300000000  13.568200000000   7.221700000000 AA   -1.850608793787  25.640182003324  13.647035153772 Bohr   0.0
[INPUT]100 C      1.980200000000  12.647700000000   9.415700000000 AA    3.742035671864  23.900689105662  17.793094271067 Bohr   0.0
[INPUT]101 H      2.607700000000  11.962200000000   9.784300000000 AA    4.927838815028  22.605281847272  18.489647320582 Bohr   0.0
[INPUT]102 C      1.016500000000  13.892300000000   6.726200000000 AA    1.920906605620  26.252642240295  12.710675859050 Bohr   0.0
[INPUT]103 H      1.614900000000  14.689700000000   6.810300000000 AA    3.051718718560  27.759509852023  12.869601826125 Bohr   0.0
[INPUT]104 C      2.540900000000  14.019900000000   9.839700000000 AA    4.801605109907  26.493771293790  18.594338147883 Bohr   0.0
[INPUT]105 H      3.393800000000  14.179700000000   9.385300000000 AA    6.413352521549  26.795749528495  17.735646596880 Bohr   0.0
[INPUT]106 H      1.903000000000  14.723000000000   9.593700000000 AA    3.596148815047  27.822437731971  18.129465521240 Bohr   0.0
[INPUT]107 H      2.679400000000  14.030000000000  10.809500000000 AA    5.063332178160  26.512857527648  20.426994543486 Bohr   0.0
[INPUT]108 C      0.637100000000  12.459200000000  10.165600000000 AA    1.203944513960  23.544475731181  19.210199891879 Bohr   0.0
[INPUT]109 H      0.245700000000  11.595200000000   9.922600000000 AA    0.464305708806  21.911752359557  18.750996443609 Bohr   0.0
[INPUT]110 H      0.796800000000  12.486700000000  11.132000000000 AA    1.505733776053  23.596443199607  21.036431218658 Bohr   0.0
[INPUT]111 H      0.020400000000  13.179600000000   9.916200000000 AA    0.038550412941  24.905834431318  18.738902196412 Bohr   0.0
[INPUT]112 C      0.853300000000  13.628800000000   5.203600000000 AA    1.612503302091  25.754699406472   9.833378861787 Bohr   0.0
[INPUT]113 H      1.718700000000  13.375500000000   4.821200000000 AA    3.247872290290  25.276031779120   9.110747591753 Bohr   0.0
[INPUT]114 H      0.209900000000  12.901900000000   5.066500000000 AA    0.396653513546  24.381057486526   9.574297410109 Bohr   0.0
[INPUT]115 H      0.526300000000  14.441400000000   4.765100000000 AA    0.994562859359  27.290290855294   9.004733956165 Bohr   0.0
[INPUT]116 C      1.892100000000   9.718900000000   7.954700000000 AA    3.575550800290  18.366059232035  15.032204403078 Bohr   0.0
[INPUT]117 H      2.868300000000   9.776600000000   7.900400000000 AA    5.420301443090  18.475096429423  14.929592274514 Bohr   0.0
[INPUT]118 H      1.607100000000   9.859400000000   8.882100000000 AA    3.036978854789  18.631565752537  16.784736410999 Bohr   0.0
[INPUT]119 H      1.599300000000   8.833200000000   7.654100000000 AA    3.022238991017  16.692328803508  14.464152730033 Bohr   0.0
[INPUT]120 C      1.265100000000  10.795200000000   7.061200000000 AA    2.390692520187  20.399971459905  13.343734110779 Bohr   0.0
[INPUT]121 H      1.538100000000  10.598100000000   6.118200000000 AA    2.906587752194  20.027506440753  11.561722375314 Bohr   0.0
[INPUT]122 C     -0.272400000000  10.734400000000   7.120500000000 AA   -0.514761396332  20.285076111531  13.455794869966 Bohr   0.0
[INPUT]123 H     -0.649000000000  11.429900000000   6.541400000000 AA   -1.226432254843  21.599380631166  12.361454471230 Bohr   0.0
[INPUT]124 H     -0.577000000000   9.854600000000   6.814400000000 AA   -1.090371973874  18.622495067139  12.877349703236 Bohr   0.0
[INPUT]125 H     -0.569200000000  10.880800000000   8.042400000000 AA   -1.075632110102  20.561732016168  15.197933384202 Bohr   0.0

nuclear repulsion = 10511.0510223919
number of shells = 218
number of NR pGTOs = 3589
number of NR cGTOs = 854
basis = {'Dy': [[0, [48703424.0, 0.00051062, -0.00018679, 8.715e-05, -4.197e-05, 1.623e-05, -4.77e-06, -2.16e-05, 1.315e-05], [9835905.78, 0.00091639, -0.00033574, 0.00015669, -7.546e-05, 2.917e-05, -8.58e-06, -3.881e-05, 2.363e-05], [2507419.33, 0.00236982, -0.00087008, 0.0004062, -0.00019563, 7.564e-05, -2.224e-05, -0.00010077, 6.131e-05], [720107.291, 0.00504151, -0.00185896, 0.00086841, -0.00041835, 0.00016172, -4.754e-05, -0.000215, 0.00013091], [227915.188, 0.01090246, -0.00404956, 0.00189401, -0.00091246, 0.00035289, -0.00010376, -0.00047092, 0.00028639], [77972.0454, 0.02261548, -0.00850442, 0.0039849, -0.00192142, 0.00074263, -0.00021829, -0.0009847, 0.00060006], [28493.1637, 0.04689622, -0.0180222, 0.0084749, -0.00408667, 0.0015816, -0.00046509, -0.00212041, 0.00128761], [10994.2054, 0.09576921, -0.03819922, 0.01806638, -0.00873429, 0.0033747, -0.00099179, -0.00444871, 0.00271605], [4432.76659, 0.18702809, -0.08005879, 0.03831646, -0.01853919, 0.00718665, -0.00211419, -0.00972556, 0.00588848], [1855.9353, 0.31055332, -0.15174939, 0.07426101, -0.03622926, 0.01399717, -0.0041123, -0.01823945, 0.01117732], [804.115628, 0.34439942, -0.21181579, 0.1082699, -0.05306712, 0.02070126, -0.006099, -0.02894414, 0.01734779], [356.717248, 0.16185973, -0.064521, 0.03005414, -0.01505805, 0.00552152, -0.00159367, -0.00374778, 0.00298113], [163.510611, 0.0100827, 0.43261834, -0.33597759, 0.18427161, -0.07218752, 0.02120503, 0.08846365, -0.0552476], [77.7468785, 0.00324412, 0.5746653, -0.63590421, 0.37361716, -0.15343224, 0.04557852, 0.23720559, -0.13781894], [37.8689264, -0.00248632, 0.15019709, 0.08114765, -0.06359666, 0.03339437, -0.01049085, -0.10483675, 0.05257394], [18.8149364, 0.00163138, 0.00587647, 0.91500815, -1.04227461, 0.47561418, -0.14203101, -0.64681977, 0.38038991], [9.17736071, -0.00105311, -0.00111289, 0.32079411, -0.25331861, 0.13200862, -0.04203827, -0.33030623, 0.19176141], [4.38814536, 0.00062977, 0.00063454, 0.00486577, 1.0776, -0.81808349, 0.26539425, 2.47056998, -1.18360413], [2.00478195, -0.00023431, -0.00043087, 0.00376344, 0.41151803, -0.41033224, 0.13626068, -1.83682961, 0.38466386], [0.7515629, 5.661e-05, 0.00021594, -0.0014245, -0.00265658, 0.91652097, -0.38106898, -1.36176016, 1.18550874], [0.30062516, -0.00010589, -0.00011463, 0.00057648, 0.0074291, 0.48350787, -0.4308519, 3.07056964, -0.44340253], [0.12025006, 4.483e-05, 7.125e-05, -0.00038449, -0.00384615, -0.01942043, 0.22604469, -1.62013597, -1.07254728], [0.04810002, -9.08e-06, -4.207e-05, 0.00022269, 0.00203717, 0.04117364, 0.8025413, -0.82657694, -0.13239773], [0.01924001, 1.628e-05, 1.783e-05, -9.191e-05, -0.00103399, -0.00227057, 0.23566263, 1.19474292, 1.08074075], [0.007696, -3.36e-06, -5.37e-06, 2.816e-05, 0.0002903, 0.0023105, -0.00603435, -0.06570914, -0.06909287]], [1, [6873747.25, 2.666e-05, -1.322e-05, 6.26e-06, -2.17e-06, 1.74e-06, -3.1e-06, 4.12e-06], [1057919.64, 8.947e-05, -4.441e-05, 2.105e-05, -7.29e-06, 5.86e-06, -1.041e-05, 1.382e-05], [224119.965, 0.00029634, -0.00014736, 6.986e-05, -2.42e-05, 1.948e-05, -3.465e-05, 4.61e-05], [57590.4869, 0.00096719, -0.00048248, 0.00022899, -7.935e-05, 6.374e-05, -0.00011303, 0.00014968], [17230.9546, 0.00320383, -0.0016058, 0.00076224, -0.00026418, 0.00021288, -0.00037961, 0.00050674], [5880.0643, 0.01059206, -0.0053541, 0.00254986, -0.00088417, 0.00070936, -0.00125515, 0.00165715], [2242.72524, 0.03382242, -0.01734906, 0.00827371, -0.00287033, 0.00231667, -0.00414154, 0.00554898], [933.490886, 0.09775736, -0.0516229, 0.02484149, -0.00863138, 0.00692082, -0.0122277, 0.01612064], [414.230948, 0.23086474, -0.12769733, 0.06192917, -0.02155795, 0.01744556, -0.03130606, 0.04220192], [191.936524, 0.38098619, -0.22389326, 0.11079347, -0.0387053, 0.03096556, -0.05443014, 0.07137339], [91.6221274, 0.33293017, -0.15241264, 0.0672132, -0.02292433, 0.01903911, -0.03563671, 0.05014447], [43.8611428, 0.10085375, 0.29251263, -0.21134869, 0.07942482, -0.06706591, 0.12652894, -0.18308254], [21.5452745, 0.00273707, 0.60300143, -0.4803163, 0.18403668, -0.1512181, 0.27224936, -0.39372467], [10.5469112, 0.00126568, 0.24249463, 0.05368759, -0.04800893, 0.04549055, -0.0940304, 0.23727068], [5.0111035, -0.00075274, 0.01405951, 0.71825381, -0.37734966, 0.37839782, -0.83289852, 1.48745987], [2.30220189, 0.00031427, 0.00187369, 0.37777337, -0.19918231, 0.04045255, 0.37973994, -2.33432997], [1.00615809, -0.00015858, -0.00062766, 0.02067059, 0.49696473, -0.68804394, 1.23004075, 0.90264391], [0.40246323, 7.634e-05, 0.00032028, 0.00478163, 0.61274689, -0.07519176, -1.20088909, 1.12887094], [0.16098529, -4.221e-05, -0.00016848, -0.00217212, 0.10916501, 0.49911417, -0.33516687, -1.96163411], [0.06439411, 2.262e-05, 9.305e-05, 0.00121056, 0.00770242, 0.5328648, 0.83057532, 1.01583216], [0.02575764, -1.084e-05, -4.439e-05, -0.00059588, -0.00205505, 0.06155774, 0.0782207, 0.13301871], [0.01030306, 3.44e-06, 1.41e-05, 0.00018992, 0.00083932, 0.0003655, 0.0087259, 0.01962353]], [2, [4432.76659, 0.00040529, -0.00019466, 5.91e-05, -8.24e-05, 0.00012196], [1855.9353, 0.00132115, -0.00062435, 0.00017362, -0.00020321, 0.0002342], [804.115628, 0.00700052, -0.00338464, 0.00102541, -0.00142046, 0.0020826], [356.717248, 0.02979034, -0.0143448, 0.00411341, -0.00512371, 0.00653222], [163.510611, 0.10285194, -0.05084729, 0.0152633, -0.02064304, 0.02943213], [77.7468785, 0.25333255, -0.12556523, 0.03622242, -0.04540741, 0.05847198], [37.8689264, 0.3980799, -0.19208143, 0.05867513, -0.08302307, 0.12587606], [18.8149364, 0.32606805, -0.07116155, 0.01177525, -0.00741375, 0.00649177], [9.17736071, 0.09839079, 0.3122345, -0.10295527, 0.11752781, -0.18276148], [4.38814536, 0.00522266, 0.51695902, -0.20842942, 0.36949961, -0.72012887], [2.00478195, 0.00082068, 0.29235923, 0.0256903, -0.21701068, 1.20793867], [0.7515629, -0.00018753, 0.04017088, 0.44985419, -0.81737173, -0.13312085], [0.28409153, 0.00010876, -0.00257837, 0.48110489, 0.38179704, -0.87820366], [0.08929497, -3.808e-05, 0.00136356, 0.25089251, 0.57870432, 0.77689528], [0.03571798, 1.676e-05, -0.00051167, 0.03211638, 0.05747733, 0.06296428]], [3, [191.936524, 0.00282264, -0.0030448, 0.00320732], [91.6221274, 0.01054334, -0.01157445, 0.01375268], [43.8611428, 0.0422774, -0.04586565, 0.0487374], [21.5452745, 0.11522458, -0.12726733, 0.15040619], [10.5469112, 0.2412877, -0.25118357, 0.25366062], [5.0111035, 0.33641748, -0.26298914, 0.17960333], [2.30220189, 0.33089588, 0.0214549, -0.48019965], [1.00615809, 0.23406372, 0.44728066, -0.39520092], [0.40632415, 0.1058854, 0.42666992, 0.47485034], [0.16252966, 0.01641108, 0.13926544, 0.40928466], [0.06501186, -0.00020473, 0.01908808, 0.12171316]], [4, [6.670112, 0.24895926, -0.61348622], [2.668045, 0.42755061, -0.3081439], [1.067218, 0.48636482, 0.50096055], [0.426887, 0.15364251, 0.37473538]], [5, [3.201654, 0.52157065], [1.280661, 0.62512412]]], 'N': [[0, [74761.715, 0.00011826, -2.707e-05, 1.876e-05, -4.944e-05], [11123.654, 0.00051729, -0.00011837, 8.118e-05, -0.00020734], [2512.6857, 0.00226666, -0.00052038, 0.0003659, -0.00098676], [703.77729, 0.00914529, -0.00210293, 0.00144304, -0.00354228], [225.47879, 0.03239343, -0.0075682, 0.00553184, -0.01480997], [79.61581, 0.09770793, -0.02346767, 0.01724359, -0.03791568], [30.237283, 0.23170368, -0.06042901, 0.05279548, -0.12570554], [12.263622, 0.37688989, -0.11705491, 0.11528813, -0.14562395], [5.265086, 0.31774207, -0.15553215, 0.23525939, -0.4732571], [2.333471, 0.08211309, -0.02468935, -0.04896387, 0.89687591], [0.901856, 0.00331209, 0.36250545, -1.02321774, 1.25975854], [0.358336, 0.00372082, 0.5550845, -0.14815866, -2.5330382], [0.141093, 0.00316542, 0.21483769, 1.02155754, 0.89234315], [0.049383, 0.00045958, 0.00898385, 0.17240183, 0.54477257]], [1, [126.66657, 0.00123363, 0.00265721, -0.00146623], [29.837389, 0.00949341, 0.02785593, -0.01182148], [9.394038, 0.04293962, 0.10179588, -0.04983126], [3.405104, 0.13629254, 0.50382639, -0.17309042], [1.35, 0.29213625, 0.51531948, -0.47323708], [0.557696, 0.38878876, -1.25011385, -0.20551132], [0.232449, 0.29468014, 0.02506035, 0.59103798], [0.094264, 0.08012876, 0.70769297, 0.45117968], [0.032992, 0.00054052, 0.01393975, 0.01367472]], [2, [2.75, 0.14730165, -0.44408434], [0.9625, 0.55021826, -0.5913848], [0.336875, 0.44525604, 0.86513362], [0.117906, 0.04942869, 0.16640483]], [3, [1.8, 0.33209008], [0.72, 0.56991055], [0.288, 0.28683273]]], 'C1': [[0, [50557.501, 0.0001128874, -2.50742e-05, 1.61788e-05, -4.55357e-05], [7524.7856, 0.0005295373, -0.0001175945, 7.49712e-05, -0.000204647], [1694.3276, 0.0024500383, -0.0005456275, 0.0003573467, -0.0010264601], [472.82279, 0.0100539847, -0.0022450771, 0.0014349316, -0.003776444], [151.71075, 0.0354539806, -0.0080434718, 0.0055086779, -0.0156602173], [53.918746, 0.1044071086, -0.0244258871, 0.016914969, -0.0398609476], [20.659311, 0.2412894918, -0.0613679118, 0.0514166524, -0.1297300876], [8.383976, 0.3834225483, -0.1177767835, 0.1137343741, -0.1592692975], [3.577015, 0.3078514393, -0.1550487783, 0.2337183944, -0.4821720801], [1.547118, 0.0687244299, -0.0193331686, -0.0718378257, 1.0854256553], [0.613013, 0.0002224445, 0.3996930678, -1.0490908711, 1.0468686972], [0.246068, 0.0019767489, 0.5589420949, -0.0666273399, -2.5679529689], [0.099087, 0.0020578594, 0.1711195023, 1.0119993798, 1.0616687974], [0.03468, 0.000418202, 0.0074562446, 0.1656046386, 0.4583312911]], [1, [83.333155, 0.001344656, 0.0037861905, -0.0017715885], [19.557611, 0.010235555, 0.0363883533, -0.014562181], [6.080365, 0.045200671, 0.1506435667, -0.0574573357], [2.179317, 0.1410756198, 0.666891458, -0.2126582848], [0.86515, 0.3047388085, 0.1737240264, -0.5271712924], [0.361944, 0.3995281011, -1.2802244007, -0.092969773], [0.15474, 0.2719163432, 0.3963864423, 0.6630031669], [0.065429, 0.0585766933, 0.5244641843, 0.3360877793], [0.0229, -0.0001263813, 0.0062295092, 0.0054695244]], [2, [1.9, 0.1424518048, -0.4383799723], [0.665, 0.5591973019, -0.5926781395], [0.23275, 0.443000438, 0.8672435762], [0.081463, 0.041066537, 0.1701714938]], [3, [1.25, 0.3217598929], [0.5, 0.589420446], [0.2, 0.2711660139]]], 'Si': [[0, [250095.97, 0.00026613, -7.09e-05, 1.997e-05, -1.748e-05], [35803.2, 0.00089764, -0.00023927, 6.735e-05, -5.901e-05], [10522.483, 0.00212469, -0.00056858, 0.00016035, -0.00013983], [3701.7745, 0.00629672, -0.00168609, 0.00047425, -0.00041569], [1399.3933, 0.01800167, -0.00488533, 0.00138023, -0.00119432], [548.38895, 0.05190702, -0.01432188, 0.0040357, -0.00349585], [219.36269, 0.13606054, -0.03971981, 0.01128617, -0.0094703], [88.882259, 0.29538862, -0.09670619, 0.02759765, -0.02239498], [36.323377, 0.41105148, -0.18079695, 0.05315988, -0.03902041], [14.933463, 0.21704431, -0.14216051, 0.04284781, -0.03054251], [6.1663485, 0.01343409, 0.23172028, -0.07589919, 0.05279006], [2.5545565, 0.00499428, 0.61842967, -0.26717907, 0.21834228], [1.0609507, -0.00225175, 0.30898517, -0.29031418, 0.41858249], [0.4415024, 0.00162199, -0.00074938, 0.24510187, -0.74360896], [0.1840168, -0.00120677, 0.01946349, 0.69391253, -1.07119041], [0.0767962, 8.815e-05, 0.0051559, 0.28637255, 1.21047792], [0.0307185, -7.96e-05, 0.00176217, 0.00995113, 0.40492969]], [1, [843.53382, 0.00084015, -0.00018945, 0.00021804], [204.90726, 0.00570773, -0.00128409, 0.00140161], [72.248787, 0.02447259, -0.00557534, 0.00648862], [27.961365, 0.08937636, -0.02055343, 0.02229354], [11.232282, 0.23537756, -0.05591214, 0.06614238], [4.5969373, 0.39727318, -0.09599757, 0.1025718], [1.9014833, 0.3616336, -0.09912146, 0.15106224], [0.7917828, 0.10491252, 0.04293202, -0.10330425], [0.3311662, 0.00172831, 0.37825119, -0.94240932], [0.1389423, 0.00137807, 0.50496614, 0.20374817], [0.0584257, -0.00059067, 0.20539815, 0.79583853], [0.0233703, 0.00014346, 0.00868719, 0.07887606]], [2, [2.0105333, 0.01335532], [0.7910981, 0.12928952], [0.3112787, 0.59375934], [0.1224809, 0.3733048], [0.0489924, 0.05006453]]], 'C': [[0, [50557.501, 0.0001128874, -2.50742e-05, 1.61788e-05], [7524.7856, 0.0005295373, -0.0001175945, 7.49712e-05], [1694.3276, 0.0024500383, -0.0005456275, 0.0003573467], [472.82279, 0.0100539847, -0.0022450771, 0.0014349316], [151.71075, 0.0354539806, -0.0080434718, 0.0055086779], [53.918746, 0.1044071086, -0.0244258871, 0.016914969], [20.659311, 0.2412894918, -0.0613679118, 0.0514166524], [8.383976, 0.3834225483, -0.1177767835, 0.1137343741], [3.577015, 0.3078514393, -0.1550487783, 0.2337183944], [1.547118, 0.0687244299, -0.0193331686, -0.0718378257], [0.613013, 0.0002224445, 0.3996930678, -1.0490908711], [0.246068, 0.0019767489, 0.5589420949, -0.0666273399], [0.099087, 0.0020578594, 0.1711195023, 1.0119993798], [0.03468, 0.000418202, 0.0074562446, 0.1656046386]], [1, [83.333155, 0.001344656, -0.0017715885], [19.557611, 0.010235555, -0.014562181], [6.080365, 0.045200671, -0.0574573357], [2.179317, 0.1410756198, -0.2126582848], [0.86515, 0.3047388085, -0.5271712924], [0.361944, 0.3995281011, -0.092969773], [0.15474, 0.2719163432, 0.6630031669], [0.065429, 0.0585766933, 0.3360877793], [0.0229, -0.0001263813, 0.0054695244]], [2, [1.9, 0.1424518048], [0.665, 0.5591973019], [0.23275, 0.443000438], [0.081463, 0.041066537]]], 'H': [[0, [107.20423474, 0.0007959672], [16.04351239, 0.0058692523], [3.61654671, 0.0321526568], [0.93543804, 0.1285022287], [0.30477121, 0.2757362499], [0.10685424, 0.4281655102], [0.03746361, 0.2987378698]]]}
ecp = {}
CPU time:        12.81

******** AVAS flags ********
aolabels = ['Dy 4f']
ncore = 0
nunocc = 0
minao = [[0, [48703424.0, 0.00051062, -0.00018679, 8.715e-05, -4.197e-05, 1.623e-05, -4.77e-06, -2.16e-05, 1.315e-05], [9835905.78, 0.00091639, -0.00033574, 0.00015669, -7.546e-05, 2.917e-05, -8.58e-06, -3.881e-05, 2.363e-05], [2507419.33, 0.00236982, -0.00087008, 0.0004062, -0.00019563, 7.564e-05, -2.224e-05, -0.00010077, 6.131e-05], [720107.291, 0.00504151, -0.00185896, 0.00086841, -0.00041835, 0.00016172, -4.754e-05, -0.000215, 0.00013091], [227915.188, 0.01090246, -0.00404956, 0.00189401, -0.00091246, 0.00035289, -0.00010376, -0.00047092, 0.00028639], [77972.0454, 0.02261548, -0.00850442, 0.0039849, -0.00192142, 0.00074263, -0.00021829, -0.0009847, 0.00060006], [28493.1637, 0.04689622, -0.0180222, 0.0084749, -0.00408667, 0.0015816, -0.00046509, -0.00212041, 0.00128761], [10994.2054, 0.09576921, -0.03819922, 0.01806638, -0.00873429, 0.0033747, -0.00099179, -0.00444871, 0.00271605], [4432.76659, 0.18702809, -0.08005879, 0.03831646, -0.01853919, 0.00718665, -0.00211419, -0.00972556, 0.00588848], [1855.9353, 0.31055332, -0.15174939, 0.07426101, -0.03622926, 0.01399717, -0.0041123, -0.01823945, 0.01117732], [804.115628, 0.34439942, -0.21181579, 0.1082699, -0.05306712, 0.02070126, -0.006099, -0.02894414, 0.01734779], [356.717248, 0.16185973, -0.064521, 0.03005414, -0.01505805, 0.00552152, -0.00159367, -0.00374778, 0.00298113], [163.510611, 0.0100827, 0.43261834, -0.33597759, 0.18427161, -0.07218752, 0.02120503, 0.08846365, -0.0552476], [77.7468785, 0.00324412, 0.5746653, -0.63590421, 0.37361716, -0.15343224, 0.04557852, 0.23720559, -0.13781894], [37.8689264, -0.00248632, 0.15019709, 0.08114765, -0.06359666, 0.03339437, -0.01049085, -0.10483675, 0.05257394], [18.8149364, 0.00163138, 0.00587647, 0.91500815, -1.04227461, 0.47561418, -0.14203101, -0.64681977, 0.38038991], [9.17736071, -0.00105311, -0.00111289, 0.32079411, -0.25331861, 0.13200862, -0.04203827, -0.33030623, 0.19176141], [4.38814536, 0.00062977, 0.00063454, 0.00486577, 1.0776, -0.81808349, 0.26539425, 2.47056998, -1.18360413], [2.00478195, -0.00023431, -0.00043087, 0.00376344, 0.41151803, -0.41033224, 0.13626068, -1.83682961, 0.38466386], [0.7515629, 5.661e-05, 0.00021594, -0.0014245, -0.00265658, 0.91652097, -0.38106898, -1.36176016, 1.18550874], [0.30062516, -0.00010589, -0.00011463, 0.00057648, 0.0074291, 0.48350787, -0.4308519, 3.07056964, -0.44340253], [0.12025006, 4.483e-05, 7.125e-05, -0.00038449, -0.00384615, -0.01942043, 0.22604469, -1.62013597, -1.07254728], [0.04810002, -9.08e-06, -4.207e-05, 0.00022269, 0.00203717, 0.04117364, 0.8025413, -0.82657694, -0.13239773], [0.01924001, 1.628e-05, 1.783e-05, -9.191e-05, -0.00103399, -0.00227057, 0.23566263, 1.19474292, 1.08074075], [0.007696, -3.36e-06, -5.37e-06, 2.816e-05, 0.0002903, 0.0023105, -0.00603435, -0.06570914, -0.06909287]], [1, [6873747.25, 2.666e-05, -1.322e-05, 6.26e-06, -2.17e-06, 1.74e-06, -3.1e-06, 4.12e-06], [1057919.64, 8.947e-05, -4.441e-05, 2.105e-05, -7.29e-06, 5.86e-06, -1.041e-05, 1.382e-05], [224119.965, 0.00029634, -0.00014736, 6.986e-05, -2.42e-05, 1.948e-05, -3.465e-05, 4.61e-05], [57590.4869, 0.00096719, -0.00048248, 0.00022899, -7.935e-05, 6.374e-05, -0.00011303, 0.00014968], [17230.9546, 0.00320383, -0.0016058, 0.00076224, -0.00026418, 0.00021288, -0.00037961, 0.00050674], [5880.0643, 0.01059206, -0.0053541, 0.00254986, -0.00088417, 0.00070936, -0.00125515, 0.00165715], [2242.72524, 0.03382242, -0.01734906, 0.00827371, -0.00287033, 0.00231667, -0.00414154, 0.00554898], [933.490886, 0.09775736, -0.0516229, 0.02484149, -0.00863138, 0.00692082, -0.0122277, 0.01612064], [414.230948, 0.23086474, -0.12769733, 0.06192917, -0.02155795, 0.01744556, -0.03130606, 0.04220192], [191.936524, 0.38098619, -0.22389326, 0.11079347, -0.0387053, 0.03096556, -0.05443014, 0.07137339], [91.6221274, 0.33293017, -0.15241264, 0.0672132, -0.02292433, 0.01903911, -0.03563671, 0.05014447], [43.8611428, 0.10085375, 0.29251263, -0.21134869, 0.07942482, -0.06706591, 0.12652894, -0.18308254], [21.5452745, 0.00273707, 0.60300143, -0.4803163, 0.18403668, -0.1512181, 0.27224936, -0.39372467], [10.5469112, 0.00126568, 0.24249463, 0.05368759, -0.04800893, 0.04549055, -0.0940304, 0.23727068], [5.0111035, -0.00075274, 0.01405951, 0.71825381, -0.37734966, 0.37839782, -0.83289852, 1.48745987], [2.30220189, 0.00031427, 0.00187369, 0.37777337, -0.19918231, 0.04045255, 0.37973994, -2.33432997], [1.00615809, -0.00015858, -0.00062766, 0.02067059, 0.49696473, -0.68804394, 1.23004075, 0.90264391], [0.40246323, 7.634e-05, 0.00032028, 0.00478163, 0.61274689, -0.07519176, -1.20088909, 1.12887094], [0.16098529, -4.221e-05, -0.00016848, -0.00217212, 0.10916501, 0.49911417, -0.33516687, -1.96163411], [0.06439411, 2.262e-05, 9.305e-05, 0.00121056, 0.00770242, 0.5328648, 0.83057532, 1.01583216], [0.02575764, -1.084e-05, -4.439e-05, -0.00059588, -0.00205505, 0.06155774, 0.0782207, 0.13301871], [0.01030306, 3.44e-06, 1.41e-05, 0.00018992, 0.00083932, 0.0003655, 0.0087259, 0.01962353]], [2, [4432.76659, 0.00040529, -0.00019466, 5.91e-05, -8.24e-05, 0.00012196], [1855.9353, 0.00132115, -0.00062435, 0.00017362, -0.00020321, 0.0002342], [804.115628, 0.00700052, -0.00338464, 0.00102541, -0.00142046, 0.0020826], [356.717248, 0.02979034, -0.0143448, 0.00411341, -0.00512371, 0.00653222], [163.510611, 0.10285194, -0.05084729, 0.0152633, -0.02064304, 0.02943213], [77.7468785, 0.25333255, -0.12556523, 0.03622242, -0.04540741, 0.05847198], [37.8689264, 0.3980799, -0.19208143, 0.05867513, -0.08302307, 0.12587606], [18.8149364, 0.32606805, -0.07116155, 0.01177525, -0.00741375, 0.00649177], [9.17736071, 0.09839079, 0.3122345, -0.10295527, 0.11752781, -0.18276148], [4.38814536, 0.00522266, 0.51695902, -0.20842942, 0.36949961, -0.72012887], [2.00478195, 0.00082068, 0.29235923, 0.0256903, -0.21701068, 1.20793867], [0.7515629, -0.00018753, 0.04017088, 0.44985419, -0.81737173, -0.13312085], [0.28409153, 0.00010876, -0.00257837, 0.48110489, 0.38179704, -0.87820366], [0.08929497, -3.808e-05, 0.00136356, 0.25089251, 0.57870432, 0.77689528], [0.03571798, 1.676e-05, -0.00051167, 0.03211638, 0.05747733, 0.06296428]], [3, [191.936524, 0.00282264, -0.0030448, 0.00320732], [91.6221274, 0.01054334, -0.01157445, 0.01375268], [43.8611428, 0.0422774, -0.04586565, 0.0487374], [21.5452745, 0.11522458, -0.12726733, 0.15040619], [10.5469112, 0.2412877, -0.25118357, 0.25366062], [5.0111035, 0.33641748, -0.26298914, 0.17960333], [2.30220189, 0.33089588, 0.0214549, -0.48019965], [1.00615809, 0.23406372, 0.44728066, -0.39520092], [0.40632415, 0.1058854, 0.42666992, 0.47485034], [0.16252966, 0.01641108, 0.13926544, 0.40928466], [0.06501186, -0.00020473, 0.01908808, 0.12171316]], [4, [6.670112, 0.24895926, -0.61348622], [2.668045, 0.42755061, -0.3081439], [1.067218, 0.48636482, 0.50096055], [0.426887, 0.15364251, 0.37473538]], [5, [3.201654, 0.52157065], [1.280661, 0.62512412]]]
threshold = 0.5
with_iao = False
openshell_option = 2
canonicalize = True

** AVAS **
  Total number of HF MOs  is equal to    854
  Number of occupied HF MOs is equal to  219
reference AO indices for [[0, [48703424.0, 0.00051062, -0.00018679, 8.715e-05, -4.197e-05, 1.623e-05, -4.77e-06, -2.16e-05, 1.315e-05], [9835905.78, 0.00091639, -0.00033574, 0.00015669, -7.546e-05, 2.917e-05, -8.58e-06, -3.881e-05, 2.363e-05], [2507419.33, 0.00236982, -0.00087008, 0.0004062, -0.00019563, 7.564e-05, -2.224e-05, -0.00010077, 6.131e-05], [720107.291, 0.00504151, -0.00185896, 0.00086841, -0.00041835, 0.00016172, -4.754e-05, -0.000215, 0.00013091], [227915.188, 0.01090246, -0.00404956, 0.00189401, -0.00091246, 0.00035289, -0.00010376, -0.00047092, 0.00028639], [77972.0454, 0.02261548, -0.00850442, 0.0039849, -0.00192142, 0.00074263, -0.00021829, -0.0009847, 0.00060006], [28493.1637, 0.04689622, -0.0180222, 0.0084749, -0.00408667, 0.0015816, -0.00046509, -0.00212041, 0.00128761], [10994.2054, 0.09576921, -0.03819922, 0.01806638, -0.00873429, 0.0033747, -0.00099179, -0.00444871, 0.00271605], [4432.76659, 0.18702809, -0.08005879, 0.03831646, -0.01853919, 0.00718665, -0.00211419, -0.00972556, 0.00588848], [1855.9353, 0.31055332, -0.15174939, 0.07426101, -0.03622926, 0.01399717, -0.0041123, -0.01823945, 0.01117732], [804.115628, 0.34439942, -0.21181579, 0.1082699, -0.05306712, 0.02070126, -0.006099, -0.02894414, 0.01734779], [356.717248, 0.16185973, -0.064521, 0.03005414, -0.01505805, 0.00552152, -0.00159367, -0.00374778, 0.00298113], [163.510611, 0.0100827, 0.43261834, -0.33597759, 0.18427161, -0.07218752, 0.02120503, 0.08846365, -0.0552476], [77.7468785, 0.00324412, 0.5746653, -0.63590421, 0.37361716, -0.15343224, 0.04557852, 0.23720559, -0.13781894], [37.8689264, -0.00248632, 0.15019709, 0.08114765, -0.06359666, 0.03339437, -0.01049085, -0.10483675, 0.05257394], [18.8149364, 0.00163138, 0.00587647, 0.91500815, -1.04227461, 0.47561418, -0.14203101, -0.64681977, 0.38038991], [9.17736071, -0.00105311, -0.00111289, 0.32079411, -0.25331861, 0.13200862, -0.04203827, -0.33030623, 0.19176141], [4.38814536, 0.00062977, 0.00063454, 0.00486577, 1.0776, -0.81808349, 0.26539425, 2.47056998, -1.18360413], [2.00478195, -0.00023431, -0.00043087, 0.00376344, 0.41151803, -0.41033224, 0.13626068, -1.83682961, 0.38466386], [0.7515629, 5.661e-05, 0.00021594, -0.0014245, -0.00265658, 0.91652097, -0.38106898, -1.36176016, 1.18550874], [0.30062516, -0.00010589, -0.00011463, 0.00057648, 0.0074291, 0.48350787, -0.4308519, 3.07056964, -0.44340253], [0.12025006, 4.483e-05, 7.125e-05, -0.00038449, -0.00384615, -0.01942043, 0.22604469, -1.62013597, -1.07254728], [0.04810002, -9.08e-06, -4.207e-05, 0.00022269, 0.00203717, 0.04117364, 0.8025413, -0.82657694, -0.13239773], [0.01924001, 1.628e-05, 1.783e-05, -9.191e-05, -0.00103399, -0.00227057, 0.23566263, 1.19474292, 1.08074075], [0.007696, -3.36e-06, -5.37e-06, 2.816e-05, 0.0002903, 0.0023105, -0.00603435, -0.06570914, -0.06909287]], [1, [6873747.25, 2.666e-05, -1.322e-05, 6.26e-06, -2.17e-06, 1.74e-06, -3.1e-06, 4.12e-06], [1057919.64, 8.947e-05, -4.441e-05, 2.105e-05, -7.29e-06, 5.86e-06, -1.041e-05, 1.382e-05], [224119.965, 0.00029634, -0.00014736, 6.986e-05, -2.42e-05, 1.948e-05, -3.465e-05, 4.61e-05], [57590.4869, 0.00096719, -0.00048248, 0.00022899, -7.935e-05, 6.374e-05, -0.00011303, 0.00014968], [17230.9546, 0.00320383, -0.0016058, 0.00076224, -0.00026418, 0.00021288, -0.00037961, 0.00050674], [5880.0643, 0.01059206, -0.0053541, 0.00254986, -0.00088417, 0.00070936, -0.00125515, 0.00165715], [2242.72524, 0.03382242, -0.01734906, 0.00827371, -0.00287033, 0.00231667, -0.00414154, 0.00554898], [933.490886, 0.09775736, -0.0516229, 0.02484149, -0.00863138, 0.00692082, -0.0122277, 0.01612064], [414.230948, 0.23086474, -0.12769733, 0.06192917, -0.02155795, 0.01744556, -0.03130606, 0.04220192], [191.936524, 0.38098619, -0.22389326, 0.11079347, -0.0387053, 0.03096556, -0.05443014, 0.07137339], [91.6221274, 0.33293017, -0.15241264, 0.0672132, -0.02292433, 0.01903911, -0.03563671, 0.05014447], [43.8611428, 0.10085375, 0.29251263, -0.21134869, 0.07942482, -0.06706591, 0.12652894, -0.18308254], [21.5452745, 0.00273707, 0.60300143, -0.4803163, 0.18403668, -0.1512181, 0.27224936, -0.39372467], [10.5469112, 0.00126568, 0.24249463, 0.05368759, -0.04800893, 0.04549055, -0.0940304, 0.23727068], [5.0111035, -0.00075274, 0.01405951, 0.71825381, -0.37734966, 0.37839782, -0.83289852, 1.48745987], [2.30220189, 0.00031427, 0.00187369, 0.37777337, -0.19918231, 0.04045255, 0.37973994, -2.33432997], [1.00615809, -0.00015858, -0.00062766, 0.02067059, 0.49696473, -0.68804394, 1.23004075, 0.90264391], [0.40246323, 7.634e-05, 0.00032028, 0.00478163, 0.61274689, -0.07519176, -1.20088909, 1.12887094], [0.16098529, -4.221e-05, -0.00016848, -0.00217212, 0.10916501, 0.49911417, -0.33516687, -1.96163411], [0.06439411, 2.262e-05, 9.305e-05, 0.00121056, 0.00770242, 0.5328648, 0.83057532, 1.01583216], [0.02575764, -1.084e-05, -4.439e-05, -0.00059588, -0.00205505, 0.06155774, 0.0782207, 0.13301871], [0.01030306, 3.44e-06, 1.41e-05, 0.00018992, 0.00083932, 0.0003655, 0.0087259, 0.01962353]], [2, [4432.76659, 0.00040529, -0.00019466, 5.91e-05, -8.24e-05, 0.00012196], [1855.9353, 0.00132115, -0.00062435, 0.00017362, -0.00020321, 0.0002342], [804.115628, 0.00700052, -0.00338464, 0.00102541, -0.00142046, 0.0020826], [356.717248, 0.02979034, -0.0143448, 0.00411341, -0.00512371, 0.00653222], [163.510611, 0.10285194, -0.05084729, 0.0152633, -0.02064304, 0.02943213], [77.7468785, 0.25333255, -0.12556523, 0.03622242, -0.04540741, 0.05847198], [37.8689264, 0.3980799, -0.19208143, 0.05867513, -0.08302307, 0.12587606], [18.8149364, 0.32606805, -0.07116155, 0.01177525, -0.00741375, 0.00649177], [9.17736071, 0.09839079, 0.3122345, -0.10295527, 0.11752781, -0.18276148], [4.38814536, 0.00522266, 0.51695902, -0.20842942, 0.36949961, -0.72012887], [2.00478195, 0.00082068, 0.29235923, 0.0256903, -0.21701068, 1.20793867], [0.7515629, -0.00018753, 0.04017088, 0.44985419, -0.81737173, -0.13312085], [0.28409153, 0.00010876, -0.00257837, 0.48110489, 0.38179704, -0.87820366], [0.08929497, -3.808e-05, 0.00136356, 0.25089251, 0.57870432, 0.77689528], [0.03571798, 1.676e-05, -0.00051167, 0.03211638, 0.05747733, 0.06296428]], [3, [191.936524, 0.00282264, -0.0030448, 0.00320732], [91.6221274, 0.01054334, -0.01157445, 0.01375268], [43.8611428, 0.0422774, -0.04586565, 0.0487374], [21.5452745, 0.11522458, -0.12726733, 0.15040619], [10.5469112, 0.2412877, -0.25118357, 0.25366062], [5.0111035, 0.33641748, -0.26298914, 0.17960333], [2.30220189, 0.33089588, 0.0214549, -0.48019965], [1.00615809, 0.23406372, 0.44728066, -0.39520092], [0.40632415, 0.1058854, 0.42666992, 0.47485034], [0.16252966, 0.01641108, 0.13926544, 0.40928466], [0.06501186, -0.00020473, 0.01908808, 0.12171316]], [4, [6.670112, 0.24895926, -0.61348622], [2.668045, 0.42755061, -0.3081439], [1.067218, 0.48636482, 0.50096055], [0.426887, 0.15364251, 0.37473538]], [5, [3.201654, 0.52157065], [1.280661, 0.62512412]]] ['Dy 4f']:
 [54 55 56 57 58 59 60]
Option 2: threshold 0.5
Active from occupied = 7 , eig [0.997634   0.99765369 0.99775497 0.99843986 0.99845848 0.99966011
 0.99966902]
Inactive from occupied = 212
Active from unoccupied = 0 , eig []
Inactive from unoccupied = 635
Dimensions of active 7
# of alpha electrons 7
# of beta electrons 2
This is ncas 7
This is nelec 9
Attempting SA-CASSCF with
fix_spin parameter 0.5 on spin multiplicity 6
21 states with spin multiplicity 6

******** <class 'pyscf.mcscf.addons.StateAverageDFCASSCF'> ********
CAS (7e+2e, 7o), ncore = 212, nvir = 635
max_cycle_macro = 50
max_cycle_micro = 4
conv_tol = 1e-07
conv_tol_grad = None
orbital rotation max_stepsize = 0.02
orbital rotation threshold for CI restart = 0.01
augmented hessian ah_max_cycle = 30
augmented hessian ah_conv_tol = 1e-12
augmented hessian ah_linear dependence = 1e-14
augmented hessian ah_level shift = 1e-08
augmented hessian ah_start_tol = 2.5
augmented hessian ah_start_cycle = 3
augmented hessian ah_grad_trust_region = 3
kf_trust_region = 3
kf_interval = 4
ci_response_space = 4
ci_grad_trust_region = 3
with_dep4 0
natorb = False
canonicalization = True
sorting_mo_energy = False
ao2mo_level = 2
chkfile = 2Dy.chk
max_memory 1067708 MB (current use 255 MB)
internal_rotation = False
******** <class 'pyscf.mcscf.addons.StateAverageMixSpinPenaltyFCISolver'> ********
max. cycles = 100
conv_tol = 1e-10
davidson only = True
linear dependence = 1e-14
level shift = 0.001
max iter space = 12
max_memory 1067708 MB
nroots = 21
pspace_size = 400
spin = 5
State-average over 21 states with weights [0.04761905 0.04761905 0.04761905 0.04761905 0.04761905 0.04761905
 0.04761905 0.04761905 0.04761905 0.04761905 0.04761905 0.04761905
 0.04761905 0.04761905 0.04761905 0.04761905 0.04761905 0.04761905
 0.04761905 0.04761905 0.04761905]
DFCASCI/DFCASSCF: density fitting for JK matrix and 2e integral transformation
******** <class 'pyscf.df.df.DF'> ********
auxbasis = None
max_memory = 1067708
ETB for Si: l = 0, exps = 0.061437 * 2^n , n = 0..18
ETB for Si: l = 1, exps = 0.05358733285208362 * 2^n , n = 0..15
ETB for Si: l = 2, exps = 0.0467406 * 2^n , n = 0..13
ETB for Si: l = 3, exps = 0.06767472454971649 * 2^n , n = 0..9
ETB for Si: l = 4, exps = 0.0979848 * 2^n , n = 0..5
ETB for C1: l = 0, exps = 0.06936 * 2^n , n = 0..15
ETB for C1: l = 1, exps = 0.05636211493547772 * 2^n , n = 0..13
ETB for C1: l = 2, exps = 0.0458 * 2^n , n = 0..11
ETB for C1: l = 3, exps = 0.08638293118434914 * 2^n , n = 0..8
ETB for C1: l = 4, exps = 0.162926 * 2^n , n = 0..4
ETB for H: l = 0, exps = 0.07492722 * 2^n , n = 0..8
ETB for Dy: l = 0, exps = 0.015392 * 2^n , n = 0..28
ETB for Dy: l = 1, exps = 0.017809250378384822 * 2^n , n = 0..24
ETB for Dy: l = 2, exps = 0.02060612 * 2^n , n = 0..22
ETB for Dy: l = 3, exps = 0.0383668862963259 * 2^n , n = 0..20
ETB for Dy: l = 4, exps = 0.05176180423020821 * 2^n , n = 0..17
ETB for Dy: l = 5, exps = 0.09637618617153929 * 2^n , n = 0..13
ETB for Dy: l = 6, exps = 0.13002372 * 2^n , n = 0..11
ETB for Dy: l = 7, exps = 0.3331829400183629 * 2^n , n = 0..7
ETB for Dy: l = 8, exps = 0.853774 * 2^n , n = 0..4
ETB for N: l = 0, exps = 0.098766 * 2^n , n = 0..15
ETB for N: l = 1, exps = 0.08072778792955992 * 2^n , n = 0..13
ETB for N: l = 2, exps = 0.065984 * 2^n , n = 0..11
ETB for N: l = 3, exps = 0.12473900355542367 * 2^n , n = 0..8
ETB for N: l = 4, exps = 0.235812 * 2^n , n = 0..4
ETB for C: l = 0, exps = 0.06936 * 2^n , n = 0..15
ETB for C: l = 1, exps = 0.05636211493547772 * 2^n , n = 0..13
ETB for C: l = 2, exps = 0.0458 * 2^n , n = 0..11
ETB for C: l = 3, exps = 0.08638293118434914 * 2^n , n = 0..8
ETB for C: l = 4, exps = 0.162926 * 2^n , n = 0..4

WARN: Even tempered Gaussians are generated as DF auxbasis for  H Si Dy N C C1

CASCI E = -14826.7681416200  S^2 = 8.7500000
Set conv_tol_grad to 0.000316228
macro iter   1 ( 11 JK    4 micro), CASSCF E = -14826.7925957477  dE = -2.44541277e-02  S^2 = 8.7500000
               |grad[o]|=0.431  |ddm|=4.42e-15  |maxRot[o]|=0.0461
macro iter   2 (  8 JK    3 micro), CASSCF E = -14826.7926028818  dE = -7.13411100e-06  S^2 = 8.7500000
               |grad[o]|=0.00233  |ddm|=3.09e-15  |maxRot[o]|=0.00116
macro iter   3 (  1 JK    1 micro), CASSCF E = -14826.7926028818  dE =  0.00000000e+00  S^2 = 8.7500000
               |grad[o]|=1.35e-05  |ddm|=5.19e-15  |maxRot[o]|=    0
1-step CASSCF converged in   3 macro ( 20 JK   8 micro) steps
CASSCF canonicalization
Density matrix diagonal elements [1.28571429 1.28571429 1.28571429 1.28571429 1.28571429 1.28571429
 1.28571429]
CASSCF energy = -14826.7926028818
CASCI E = -14826.7926028818  E(CI) = -50.6408779198446  S^2 = 8.7500000
CASCI state-averaged energy = -14826.7926028818
CASCI energy for each state
  State 0 weight 0.047619  E = -14826.8331461282 S^2 = 8.7500000
  State 1 weight 0.047619  E = -14826.8331455513 S^2 = 8.7500000
  State 2 weight 0.047619  E = -14826.8288469331 S^2 = 8.7500000
  State 3 weight 0.047619  E = -14826.828796709 S^2 = 8.7500000
  State 4 weight 0.047619  E = -14826.8254994344 S^2 = 8.7500000
  State 5 weight 0.047619  E = -14826.8254399551 S^2 = 8.7500000
  State 6 weight 0.047619  E = -14826.8245302549 S^2 = 8.7500000
  State 7 weight 0.047619  E = -14826.8240896229 S^2 = 8.7500000
  State 8 weight 0.047619  E = -14826.8237494357 S^2 = 8.7500000
  State 9 weight 0.047619  E = -14826.823667411 S^2 = 8.7500000
  State 10 weight 0.047619  E = -14826.8236053892 S^2 = 8.7500000
  State 11 weight 0.047619  E = -14826.7941113548 S^2 = 8.7500000
  State 12 weight 0.047619  E = -14826.7932911014 S^2 = 8.7500000
  State 13 weight 0.047619  E = -14826.7927300512 S^2 = 8.7500000
  State 14 weight 0.047619  E = -14826.7916793107 S^2 = 8.7500000
  State 15 weight 0.047619  E = -14826.7915777051 S^2 = 8.7500000
  State 16 weight 0.047619  E = -14826.7912165477 S^2 = 8.7500000
  State 17 weight 0.047619  E = -14826.7911175807 S^2 = 8.7500000
  State 18 weight 0.047619  E = -14826.6756380415 S^2 = 8.7500000
  State 19 weight 0.047619  E = -14826.6653502385 S^2 = 8.7500000
  State 20 weight 0.047619  E = -14826.6634317612 S^2 = 8.7500000
sacasscf_nevpt2_casci_ver
CASCI

******** <class 'pyscf.mcscf.df.DFCASCI'> ********
CAS (7e+2e, 7o), ncore = 212, nvir = 635
natorb = False
canonicalization = True
sorting_mo_energy = False
max_memory 1067708 MB (current use 36273 MB)
******** <class 'pyscf.fci.addons.SpinPenaltyFCISolver'> ********
max. cycles = 200
conv_tol = 1e-08
davidson only = True
linear dependence = 1e-12
level shift = 0.001
max iter space = 210
max_memory 1067708 MB
nroots = 21
pspace_size = 400
spin = 5
DFCASCI/DFCASSCF: density fitting for JK matrix and 2e integral transformation

WARN: Mulitple states found in CASCI solver. First state is used to compute the Fock matrix and natural orbitals in active space.

Density matrix diagonal elements [1.4936281  1.50416027 1.00048102 1.00201354 1.00291519 1.49918811
 1.49761377]
CASCI converged
CASCI state   0  E = -14826.8331461282  E(CI) = -50.6814211662640  S^2 = 8.7500000
CASCI state   1  E = -14826.8331455513  E(CI) = -50.6814205893552  S^2 = 8.7500000
CASCI state   2  E = -14826.8288469331  E(CI) = -50.6771219711518  S^2 = 8.7500000
CASCI state   3  E = -14826.8287967090  E(CI) = -50.6770717470172  S^2 = 8.7500000
CASCI state   4  E = -14826.8254994343  E(CI) = -50.6737744724051  S^2 = 8.7500000
CASCI state   5  E = -14826.8254399551  E(CI) = -50.6737149931832  S^2 = 8.7500000
CASCI state   6  E = -14826.8245302549  E(CI) = -50.6728052929120  S^2 = 8.7500000
CASCI state   7  E = -14826.8240896229  E(CI) = -50.6723646609953  S^2 = 8.7500000
CASCI state   8  E = -14826.8237494357  E(CI) = -50.6720244737717  S^2 = 8.7500000
CASCI state   9  E = -14826.8236674110  E(CI) = -50.6719424490057  S^2 = 8.7500000
CASCI state  10  E = -14826.8236053892  E(CI) = -50.6718804272150  S^2 = 8.7500000
CASCI state  11  E = -14826.7941113548  E(CI) = -50.6423863928812  S^2 = 8.7500000
CASCI state  12  E = -14826.7932911014  E(CI) = -50.6415661394549  S^2 = 8.7500000
CASCI state  13  E = -14826.7927300512  E(CI) = -50.6410050892464  S^2 = 8.7500000
CASCI state  14  E = -14826.7916793106  E(CI) = -50.6399543487005  S^2 = 8.7500000
CASCI state  15  E = -14826.7915777051  E(CI) = -50.6398527431957  S^2 = 8.7500000
CASCI state  16  E = -14826.7912165477  E(CI) = -50.6394915857691  S^2 = 8.7500000
CASCI state  17  E = -14826.7911175807  E(CI) = -50.6393926187902  S^2 = 8.7500000
CASCI state  18  E = -14826.6756380415  E(CI) = -50.5239130795708  S^2 = 8.7500000
CASCI state  19  E = -14826.6653502385  E(CI) = -50.5136252765606  S^2 = 8.7500000
CASCI state  20  E = -14826.6634317612  E(CI) = -50.5117067992778  S^2 = 8.7500000
============= DFSSDMET ==============
============= DFAODMET ==============

******** <class 'embed_sim.df.DFNEVPT'> ********
DFNEVPT2 (7e+2e, 7o), ncore = 212, nvir = 635
spin = 5  root = 0
Sr    (-1)',   E = -0.00616984989730
Si    (+1)',   E = -0.00039581760415
Sijrs (0)  ,   E = -6.52667170923360
Sijr  (+1) ,   E = -0.12708286040848
Srsi  (-1) ,   E = -0.56205051723317
Srs   (-2) ,   E = -0.22898219181304
Sij   (+2) ,   E = -0.01837399452335
Sir   (0)' ,   E = -0.14337092885834
Nevpt2 Energy = -7.613097869571424

******** <class 'embed_sim.df.DFNEVPT'> ********
DFNEVPT2 (7e+2e, 7o), ncore = 212, nvir = 635
spin = 5  root = 1
Sr    (-1)',   E = -0.00616980753890
Si    (+1)',   E = -0.00039582041046
Sijrs (0)  ,   E = -6.52667172900499
Sijr  (+1) ,   E = -0.12708286787316
Srsi  (-1) ,   E = -0.56204966024436
Srs   (-2) ,   E = -0.22898170748697
Sij   (+2) ,   E = -0.01837397697143
Sir   (0)' ,   E = -0.14337099757681
Nevpt2 Energy = -7.613096567107088

******** <class 'embed_sim.df.DFNEVPT'> ********
DFNEVPT2 (7e+2e, 7o), ncore = 212, nvir = 635
spin = 5  root = 2
Sr    (-1)',   E = -0.00616925318414
Si    (+1)',   E = -0.00040687988096
Sijrs (0)  ,   E = -6.52674531171051
Sijr  (+1) ,   E = -0.12672993417135
Srsi  (-1) ,   E = -0.56241773421209
Srs   (-2) ,   E = -0.22915926411638
Sij   (+2) ,   E = -0.01838714125704
Sir   (0)' ,   E = -0.14312028991218
Nevpt2 Energy = -7.613135808444648

******** <class 'embed_sim.df.DFNEVPT'> ********
DFNEVPT2 (7e+2e, 7o), ncore = 212, nvir = 635
spin = 5  root = 3
Sr    (-1)',   E = -0.00616652692385
Si    (+1)',   E = -0.00040577132287
Sijrs (0)  ,   E = -6.52674514093631
Sijr  (+1) ,   E = -0.12671950626217
Srsi  (-1) ,   E = -0.56241099187501
Srs   (-2) ,   E = -0.22914737305841
Sij   (+2) ,   E = -0.01838531432772
Sir   (0)' ,   E = -0.14311208513736
Nevpt2 Energy = -7.613092709843698

******** <class 'embed_sim.df.DFNEVPT'> ********
DFNEVPT2 (7e+2e, 7o), ncore = 212, nvir = 635
spin = 5  root = 4
Sr    (-1)',   E = -0.00617762346379
Si    (+1)',   E = -0.00041937386130
Sijrs (0)  ,   E = -6.52678490421525
Sijr  (+1) ,   E = -0.12646570205296
Srsi  (-1) ,   E = -0.56249993414022
Srs   (-2) ,   E = -0.22913199742521
Sij   (+2) ,   E = -0.01840212663367
Sir   (0)' ,   E = -0.14288247164116
Nevpt2 Energy = -7.612764133433553

******** <class 'embed_sim.df.DFNEVPT'> ********
DFNEVPT2 (7e+2e, 7o), ncore = 212, nvir = 635
spin = 5  root = 5
Sr    (-1)',   E = -0.00617601797922
Si    (+1)',   E = -0.00042099593600
Sijrs (0)  ,   E = -6.52678741109435
Sijr  (+1) ,   E = -0.12642116264296
Srsi  (-1) ,   E = -0.56242945727679
Srs   (-2) ,   E = -0.22906055055710
Sij   (+2) ,   E = -0.01840193474735
Sir   (0)' ,   E = -0.14285171662709
Nevpt2 Energy = -7.612549246860867

******** <class 'embed_sim.df.DFNEVPT'> ********
DFNEVPT2 (7e+2e, 7o), ncore = 212, nvir = 635
spin = 5  root = 6
Sr    (-1)',   E = -0.00619452115064
Si    (+1)',   E = -0.00043335116869
Sijrs (0)  ,   E = -6.52680086112131
Sijr  (+1) ,   E = -0.12639623117446
Srsi  (-1) ,   E = -0.56245047929104
Srs   (-2) ,   E = -0.22909254293946
Sij   (+2) ,   E = -0.01842073932292
Sir   (0)' ,   E = -0.14281683892332
Nevpt2 Energy = -7.612605565091838

******** <class 'embed_sim.df.DFNEVPT'> ********
DFNEVPT2 (7e+2e, 7o), ncore = 212, nvir = 635
spin = 5  root = 7
Sr    (-1)',   E = -0.00618030627032
Si    (+1)',   E = -0.00042401405830
Sijrs (0)  ,   E = -6.52679582703761
Sijr  (+1) ,   E = -0.12636558941483
Srsi  (-1) ,   E = -0.56255998684150
Srs   (-2) ,   E = -0.22913595593806
Sij   (+2) ,   E = -0.01840948906682
Sir   (0)' ,   E = -0.14277562757237
Nevpt2 Energy = -7.612646796199809

******** <class 'embed_sim.df.DFNEVPT'> ********
DFNEVPT2 (7e+2e, 7o), ncore = 212, nvir = 635
spin = 5  root = 8
Sr    (-1)',   E = -0.00619071240250
Si    (+1)',   E = -0.00043953391797
Sijrs (0)  ,   E = -6.52682500240082
Sijr  (+1) ,   E = -0.12649830248015
Srsi  (-1) ,   E = -0.56225149621357
Srs   (-2) ,   E = -0.22901062323424
Sij   (+2) ,   E = -0.01841239551718
Sir   (0)' ,   E = -0.14290462730624
Nevpt2 Energy = -7.612532693472673

******** <class 'embed_sim.df.DFNEVPT'> ********
DFNEVPT2 (7e+2e, 7o), ncore = 212, nvir = 635
spin = 5  root = 9
Sr    (-1)',   E = -0.00618659675702
Si    (+1)',   E = -0.00043101942409
Sijrs (0)  ,   E = -6.52680315445278
Sijr  (+1) ,   E = -0.12631793168319
Srsi  (-1) ,   E = -0.56249651925562
Srs   (-2) ,   E = -0.22908038575065
Sij   (+2) ,   E = -0.01841978058244
Sir   (0)' ,   E = -0.14275240712618
Nevpt2 Energy = -7.612487795031975

******** <class 'embed_sim.df.DFNEVPT'> ********
DFNEVPT2 (7e+2e, 7o), ncore = 212, nvir = 635
spin = 5  root = 10
Sr    (-1)',   E = -0.00618546118437
Si    (+1)',   E = -0.00043460795397
Sijrs (0)  ,   E = -6.52681469338548
Sijr  (+1) ,   E = -0.12639488773212
Srsi  (-1) ,   E = -0.56236977917096
Srs   (-2) ,   E = -0.22903301664741
Sij   (+2) ,   E = -0.01841319671024
Sir   (0)' ,   E = -0.14282633296645
Nevpt2 Energy = -7.612471975751003

******** <class 'embed_sim.df.DFNEVPT'> ********
DFNEVPT2 (7e+2e, 7o), ncore = 212, nvir = 635
spin = 5  root = 11
Sr    (-1)',   E = -0.00816562500067
Si    (+1)',   E = -0.00150785222605
Sijrs (0)  ,   E = -6.52676555503563
Sijr  (+1) ,   E = -0.12680789437167
Srsi  (-1) ,   E = -0.56276805962396
Srs   (-2) ,   E = -0.23164455225327
Sij   (+2) ,   E = -0.02089501468353
Sir   (0)' ,   E = -0.14349436109242
Nevpt2 Energy = -7.622048914287203

******** <class 'embed_sim.df.DFNEVPT'> ********
DFNEVPT2 (7e+2e, 7o), ncore = 212, nvir = 635
spin = 5  root = 12
Sr    (-1)',   E = -0.00815925994868
Si    (+1)',   E = -0.00150997357490
Sijrs (0)  ,   E = -6.52676277237360
Sijr  (+1) ,   E = -0.12666865335874
Srsi  (-1) ,   E = -0.56276264997079
Srs   (-2) ,   E = -0.23158293322704
Sij   (+2) ,   E = -0.02089801041476
Sir   (0)' ,   E = -0.14340667533295
Nevpt2 Energy = -7.621750928201458

******** <class 'embed_sim.df.DFNEVPT'> ********
DFNEVPT2 (7e+2e, 7o), ncore = 212, nvir = 635
spin = 5  root = 13
Sr    (-1)',   E = -0.00817199458559
Si    (+1)',   E = -0.00151040462278
Sijrs (0)  ,   E = -6.52676155852199
Sijr  (+1) ,   E = -0.12663800023928
Srsi  (-1) ,   E = -0.56281495399270
Srs   (-2) ,   E = -0.23159811530480
Sij   (+2) ,   E = -0.02090076651394
Sir   (0)' ,   E = -0.14335503305233
Nevpt2 Energy = -7.621750826833426

******** <class 'embed_sim.df.DFNEVPT'> ********
DFNEVPT2 (7e+2e, 7o), ncore = 212, nvir = 635
spin = 5  root = 14
Sr    (-1)',   E = -0.00818418800009
Si    (+1)',   E = -0.00152953049119
Sijrs (0)  ,   E = -6.52678741646608
Sijr  (+1) ,   E = -0.12655030996384
Srsi  (-1) ,   E = -0.56281892755656
Srs   (-2) ,   E = -0.23157474745873
Sij   (+2) ,   E = -0.02091203782759
Sir   (0)' ,   E = -0.14327320620356
Nevpt2 Energy = -7.621630363967626

******** <class 'embed_sim.df.DFNEVPT'> ********
DFNEVPT2 (7e+2e, 7o), ncore = 212, nvir = 635
spin = 5  root = 15
Sr    (-1)',   E = -0.00818314406538
Si    (+1)',   E = -0.00152956917460
Sijrs (0)  ,   E = -6.52678625555338
Sijr  (+1) ,   E = -0.12653785765933
Srsi  (-1) ,   E = -0.56285245776236
Srs   (-2) ,   E = -0.23158487531944
Sij   (+2) ,   E = -0.02091254216089
Sir   (0)' ,   E = -0.14325896004295
Nevpt2 Energy = -7.621645661738317

******** <class 'embed_sim.df.DFNEVPT'> ********
DFNEVPT2 (7e+2e, 7o), ncore = 212, nvir = 635
spin = 5  root = 16
Sr    (-1)',   E = -0.00823643924612
Si    (+1)',   E = -0.00153538329416
Sijrs (0)  ,   E = -6.52680771325838
Sijr  (+1) ,   E = -0.12652743812054
Srsi  (-1) ,   E = -0.56281574808007
Srs   (-2) ,   E = -0.23154618461570
Sij   (+2) ,   E = -0.02093286198730
Sir   (0)' ,   E = -0.14317816384411
/var/spool/slurm/d/job9980477/slurm_script: line 13: 235074 Bus error               (core dumped) python 2Dy.py -i ./
Task finished with exit code: 135
PWD(after task)  = /fs2/home/jiangh/members/ZhangT/pyscf_example/07_2Dy/all_elec
Task finished, cleaning .h5 files...
Cleaning directory: /fs2/home/jiangh/members/ZhangT/pyscf_example/07_2Dy/all_elec
Files to delete:
Cleanup done.
Job finished on Thu May  7 01:54:55 CST 2026
Elapsed time: 57774 seconds
